<?xml version="1.0" encoding="UTF-8"?>
<testng-results ignored="0" total="1" passed="1" failed="0" skipped="0">
  <reporter-output>
  </reporter-output>
  <suite started-at="2022-05-01T12:34:53 IST" name="Suite" finished-at="2022-05-01T12:50:31 IST" duration-ms="937151">
    <groups>
    </groups>
    <test started-at="2022-05-01T12:34:53 IST" name="Test" finished-at="2022-05-01T12:50:31 IST" duration-ms="937151">
      <class name="testcases.BrokenLinks">
        <test-method signature="broken()[pri:0, instance:testcases.BrokenLinks@2c1b194a]" started-at="2022-05-01T12:34:53 IST" name="broken" finished-at="2022-05-01T12:50:31 IST" duration-ms="937106" status="PASS">
          <reporter-output>
          </reporter-output>
        </test-method> <!-- broken -->
      </class> <!-- testcases.BrokenLinks -->
    </test> <!-- Test -->
  </suite> <!-- Suite -->
</testng-results>
